<?xml version="1.0" encoding="UTF-8"?>
<testng-results skipped="0" failed="0" ignored="0" total="3" passed="3">
  <reporter-output>
  </reporter-output>
  <suite name="Default suite" duration-ms="18404" started-at="2019-01-28T12:00:04Z" finished-at="2019-01-28T12:00:23Z">
    <groups>
    </groups>
    <test name="Default test" duration-ms="18404" started-at="2019-01-28T12:00:04Z" finished-at="2019-01-28T12:00:23Z">
      <class name="CartTest.CartRedir">
        <test-method status="PASS" signature="setUp()[pri:0, instance:CartTest.CartRedir@396a51ab]" name="setUp" is-config="true" duration-ms="4547" started-at="2019-01-28T12:00:00Z" finished-at="2019-01-28T12:00:04Z">
          <reporter-output>
          </reporter-output>
        </test-method> <!-- setUp -->
        <test-method status="PASS" signature="cartLink()[pri:1, instance:CartTest.CartRedir@396a51ab]" name="cartLink" duration-ms="3754" started-at="2019-01-28T12:00:04Z" finished-at="2019-01-28T12:00:08Z">
          <reporter-output>
          </reporter-output>
        </test-method> <!-- cartLink -->
        <test-method status="PASS" signature="alertCartLink()[pri:2, instance:CartTest.CartRedir@396a51ab]" name="alertCartLink" duration-ms="5327" started-at="2019-01-28T12:00:08Z" finished-at="2019-01-28T12:00:13Z">
          <reporter-output>
          </reporter-output>
        </test-method> <!-- alertCartLink -->
        <test-method status="PASS" signature="cartLiііnk()[pri:3, instance:CartTest.CartRedir@396a51ab]" name="cartLiііnk" duration-ms="9298" started-at="2019-01-28T12:00:13Z" finished-at="2019-01-28T12:00:23Z">
          <reporter-output>
          </reporter-output>
        </test-method> <!-- cartLiііnk -->
        <test-method status="PASS" signature="turnOff()[pri:0, instance:CartTest.CartRedir@396a51ab]" name="turnOff" is-config="true" duration-ms="974" started-at="2019-01-28T12:00:23Z" finished-at="2019-01-28T12:00:24Z">
          <reporter-output>
          </reporter-output>
        </test-method> <!-- turnOff -->
      </class> <!-- CartTest.CartRedir -->
    </test> <!-- Default test -->
  </suite> <!-- Default suite -->
</testng-results>
